<?xml version="1.0" encoding="UTF-8"?>
<testng-results skipped="0" failed="0" ignored="0" total="1" passed="1">
  <reporter-output>
  </reporter-output>
  <suite name="SampleTest" duration-ms="17" started-at="2022-07-03T14:00:21 IST" finished-at="2022-07-03T14:00:21 IST">
    <groups>
    </groups>
    <test name="Command line test" duration-ms="17" started-at="2022-07-03T14:00:21 IST" finished-at="2022-07-03T14:00:21 IST">
      <class name="SampleTest">
        <test-method status="PASS" signature="executeBeforeSuiteMethod()[pri:0, instance:SampleTest@77ab81]" name="executeBeforeSuiteMethod" is-config="true" duration-ms="15" started-at="2022-07-03T14:00:21 IST" finished-at="2022-07-03T14:00:21 IST">
          <reporter-output>
          </reporter-output>
        </test-method> <!-- executeBeforeSuiteMethod -->
        <test-method status="PASS" signature="test()[pri:0, instance:SampleTest@77ab81]" name="test" duration-ms="0" started-at="2022-07-03T14:00:21 IST" finished-at="2022-07-03T14:00:21 IST">
          <reporter-output>
          </reporter-output>
        </test-method> <!-- test -->
      </class> <!-- SampleTest -->
    </test> <!-- Command line test -->
  </suite> <!-- SampleTest -->
</testng-results>
